<?xml version="1.0" encoding="utf-8"?>
<TestRun id="5884a167-9e22-42ab-9b69-bb03574e421b" name="raveda@RAVEDABOOK 2021-03-23 22:07:12" runUser="NORTHAMERICA\raveda" xmlns="http://microsoft.com/schemas/VisualStudio/TeamTest/2010">
  <Times creation="2021-03-23T22:07:12.7442099-05:00" queuing="2021-03-23T22:07:12.7442128-05:00" start="2021-03-23T22:07:09.9243287-05:00" finish="2021-03-23T22:07:12.7733563-05:00" />
  <TestSettings name="default" id="03a34491-e20c-4e18-ae07-84699b1b529b">
    <Deployment runDeploymentRoot="raveda_RAVEDABOOK_2021-03-23_22_07_12" />
  </TestSettings>
  <Results>
    <UnitTestResult executionId="b4e951fb-187f-4b07-a0e1-265daad94c14" testId="71b55203-9f41-f140-7b8a-b173669f83d5" testName="FetchOnlyRequestedGameRegion(&quot;Messier 82&quot;)" computerName="RAVEDABOOK" duration="00:00:00.0046230" startTime="2021-03-23T22:07:12.0000000-05:00" endTime="2021-03-23T22:07:12.0000000-05:00" testType="13cdc9d9-ddb5-4fa4-a97d-d965ccfc6d4b" outcome="Passed" testListId="8c84fa94-04c1-424b-9868-57a2d4851a1d" relativeResultsDirectory="b4e951fb-187f-4b07-a0e1-265daad94c14" />
    <UnitTestResult executionId="f1704177-e39d-4bdb-a03c-757502bd690f" testId="a665ae80-d9ef-3d21-de02-f9894a2373ef" testName="FetchOnlyRequestedGameRegion(&quot;Milky Way&quot;)" computerName="RAVEDABOOK" duration="00:00:00.0662560" startTime="2021-03-23T22:07:12.0000000-05:00" endTime="2021-03-23T22:07:12.0000000-05:00" testType="13cdc9d9-ddb5-4fa4-a97d-d965ccfc6d4b" outcome="Passed" testListId="8c84fa94-04c1-424b-9868-57a2d4851a1d" relativeResultsDirectory="f1704177-e39d-4bdb-a03c-757502bd690f" />
    <UnitTestResult executionId="246d0600-f26c-4045-86f7-9c4ce2dba116" testId="8158b57c-2d66-8b32-96cb-f229ab2b8992" testName="FetchOnlyRequestedGameRegion(&quot;Andromeda&quot;)" computerName="RAVEDABOOK" duration="00:00:00.0041139" startTime="2021-03-23T22:07:12.0000000-05:00" endTime="2021-03-23T22:07:12.0000000-05:00" testType="13cdc9d9-ddb5-4fa4-a97d-d965ccfc6d4b" outcome="Passed" testListId="8c84fa94-04c1-424b-9868-57a2d4851a1d" relativeResultsDirectory="246d0600-f26c-4045-86f7-9c4ce2dba116" />
    <UnitTestResult executionId="0374205d-7f52-47ad-97c3-6c2b84842ee6" testId="dd69ca11-8574-49f6-142c-a0d7db5e68b0" testName="FetchOnlyRequestedGameRegion(&quot;NGC 1300&quot;)" computerName="RAVEDABOOK" duration="00:00:00.0046990" startTime="2021-03-23T22:07:12.0000000-05:00" endTime="2021-03-23T22:07:12.0000000-05:00" testType="13cdc9d9-ddb5-4fa4-a97d-d965ccfc6d4b" outcome="Passed" testListId="8c84fa94-04c1-424b-9868-57a2d4851a1d" relativeResultsDirectory="0374205d-7f52-47ad-97c3-6c2b84842ee6" />
    <UnitTestResult executionId="6ea0f5f0-1252-494d-a47a-6f60c80d0bcd" testId="e6aa1db8-79bb-5f9e-f506-6e6015603603" testName="FetchOnlyRequestedGameRegion(&quot;Pinwheel&quot;)" computerName="RAVEDABOOK" duration="00:00:00.0035650" startTime="2021-03-23T22:07:12.0000000-05:00" endTime="2021-03-23T22:07:12.0000000-05:00" testType="13cdc9d9-ddb5-4fa4-a97d-d965ccfc6d4b" outcome="Passed" testListId="8c84fa94-04c1-424b-9868-57a2d4851a1d" relativeResultsDirectory="6ea0f5f0-1252-494d-a47a-6f60c80d0bcd" />
  </Results>
  <TestDefinitions>
    <UnitTest name="FetchOnlyRequestedGameRegion(&quot;Milky Way&quot;)" storage="c:\users\raveda\desktop\mslearn-tailspin-spacegame-web\tailspin.spacegame.web.tests\bin\release\netcoreapp3.1\tailspin.spacegame.web.tests.dll" id="a665ae80-d9ef-3d21-de02-f9894a2373ef">
      <Execution id="f1704177-e39d-4bdb-a03c-757502bd690f" />
      <TestMethod codeBase="C:\Users\raveda\Desktop\mslearn-tailspin-spacegame-web\Tailspin.SpaceGame.Web.Tests\bin\Release\netcoreapp3.1\Tailspin.SpaceGame.Web.Tests.dll" adapterTypeName="executor://nunit3testexecutor/" className="Tests.DocumentDBRepository_GetItemsAsyncShould" name="FetchOnlyRequestedGameRegion(&quot;Milky Way&quot;)" />
    </UnitTest>
    <UnitTest name="FetchOnlyRequestedGameRegion(&quot;NGC 1300&quot;)" storage="c:\users\raveda\desktop\mslearn-tailspin-spacegame-web\tailspin.spacegame.web.tests\bin\release\netcoreapp3.1\tailspin.spacegame.web.tests.dll" id="dd69ca11-8574-49f6-142c-a0d7db5e68b0">
      <Execution id="0374205d-7f52-47ad-97c3-6c2b84842ee6" />
      <TestMethod codeBase="C:\Users\raveda\Desktop\mslearn-tailspin-spacegame-web\Tailspin.SpaceGame.Web.Tests\bin\Release\netcoreapp3.1\Tailspin.SpaceGame.Web.Tests.dll" adapterTypeName="executor://nunit3testexecutor/" className="Tests.DocumentDBRepository_GetItemsAsyncShould" name="FetchOnlyRequestedGameRegion(&quot;NGC 1300&quot;)" />
    </UnitTest>
    <UnitTest name="FetchOnlyRequestedGameRegion(&quot;Messier 82&quot;)" storage="c:\users\raveda\desktop\mslearn-tailspin-spacegame-web\tailspin.spacegame.web.tests\bin\release\netcoreapp3.1\tailspin.spacegame.web.tests.dll" id="71b55203-9f41-f140-7b8a-b173669f83d5">
      <Execution id="b4e951fb-187f-4b07-a0e1-265daad94c14" />
      <TestMethod codeBase="C:\Users\raveda\Desktop\mslearn-tailspin-spacegame-web\Tailspin.SpaceGame.Web.Tests\bin\Release\netcoreapp3.1\Tailspin.SpaceGame.Web.Tests.dll" adapterTypeName="executor://nunit3testexecutor/" className="Tests.DocumentDBRepository_GetItemsAsyncShould" name="FetchOnlyRequestedGameRegion(&quot;Messier 82&quot;)" />
    </UnitTest>
    <UnitTest name="FetchOnlyRequestedGameRegion(&quot;Pinwheel&quot;)" storage="c:\users\raveda\desktop\mslearn-tailspin-spacegame-web\tailspin.spacegame.web.tests\bin\release\netcoreapp3.1\tailspin.spacegame.web.tests.dll" id="e6aa1db8-79bb-5f9e-f506-6e6015603603">
      <Execution id="6ea0f5f0-1252-494d-a47a-6f60c80d0bcd" />
      <TestMethod codeBase="C:\Users\raveda\Desktop\mslearn-tailspin-spacegame-web\Tailspin.SpaceGame.Web.Tests\bin\Release\netcoreapp3.1\Tailspin.SpaceGame.Web.Tests.dll" adapterTypeName="executor://nunit3testexecutor/" className="Tests.DocumentDBRepository_GetItemsAsyncShould" name="FetchOnlyRequestedGameRegion(&quot;Pinwheel&quot;)" />
    </UnitTest>
    <UnitTest name="FetchOnlyRequestedGameRegion(&quot;Andromeda&quot;)" storage="c:\users\raveda\desktop\mslearn-tailspin-spacegame-web\tailspin.spacegame.web.tests\bin\release\netcoreapp3.1\tailspin.spacegame.web.tests.dll" id="8158b57c-2d66-8b32-96cb-f229ab2b8992">
      <Execution id="246d0600-f26c-4045-86f7-9c4ce2dba116" />
      <TestMethod codeBase="C:\Users\raveda\Desktop\mslearn-tailspin-spacegame-web\Tailspin.SpaceGame.Web.Tests\bin\Release\netcoreapp3.1\Tailspin.SpaceGame.Web.Tests.dll" adapterTypeName="executor://nunit3testexecutor/" className="Tests.DocumentDBRepository_GetItemsAsyncShould" name="FetchOnlyRequestedGameRegion(&quot;Andromeda&quot;)" />
    </UnitTest>
  </TestDefinitions>
  <TestEntries>
    <TestEntry testId="71b55203-9f41-f140-7b8a-b173669f83d5" executionId="b4e951fb-187f-4b07-a0e1-265daad94c14" testListId="8c84fa94-04c1-424b-9868-57a2d4851a1d" />
    <TestEntry testId="a665ae80-d9ef-3d21-de02-f9894a2373ef" executionId="f1704177-e39d-4bdb-a03c-757502bd690f" testListId="8c84fa94-04c1-424b-9868-57a2d4851a1d" />
    <TestEntry testId="8158b57c-2d66-8b32-96cb-f229ab2b8992" executionId="246d0600-f26c-4045-86f7-9c4ce2dba116" testListId="8c84fa94-04c1-424b-9868-57a2d4851a1d" />
    <TestEntry testId="dd69ca11-8574-49f6-142c-a0d7db5e68b0" executionId="0374205d-7f52-47ad-97c3-6c2b84842ee6" testListId="8c84fa94-04c1-424b-9868-57a2d4851a1d" />
    <TestEntry testId="e6aa1db8-79bb-5f9e-f506-6e6015603603" executionId="6ea0f5f0-1252-494d-a47a-6f60c80d0bcd" testListId="8c84fa94-04c1-424b-9868-57a2d4851a1d" />
  </TestEntries>
  <TestLists>
    <TestList name="Results Not in a List" id="8c84fa94-04c1-424b-9868-57a2d4851a1d" />
    <TestList name="All Loaded Results" id="19431567-8539-422a-85d7-44ee4e166bda" />
  </TestLists>
  <ResultSummary outcome="Completed">
    <Counters total="5" executed="5" passed="5" failed="0" error="0" timeout="0" aborted="0" inconclusive="0" passedButRunAborted="0" notRunnable="0" notExecuted="0" disconnected="0" warning="0" completed="0" inProgress="0" pending="0" />
    <Output>
      <StdOut>NUnit Adapter 3.10.0.21: Test execution started&#xD;
Running all tests in C:\Users\raveda\Desktop\mslearn-tailspin-spacegame-web\Tailspin.SpaceGame.Web.Tests\bin\Release\netcoreapp3.1\Tailspin.SpaceGame.Web.Tests.dll&#xD;
NUnit3TestExecutor converted 5 of 5 NUnit test cases&#xD;
NUnit Adapter 3.10.0.21: Test execution complete&#xD;
</StdOut>
    </Output>
  </ResultSummary>
</TestRun>